0 info it worked if it ends with ok
1 verbose cli [ '/usr/bin/node', '/usr/bin/npm', 'install', '-g', 'node-static' ]
2 info using npm@1.4.28
3 info using node@v0.10.33
4 verbose node symlink /usr/bin/node
5 verbose cache add [ 'node-static', null ]
6 verbose cache add name=undefined spec="node-static" args=["node-static",null]
7 verbose parsed url { protocol: null,
7 verbose parsed url   slashes: null,
7 verbose parsed url   auth: null,
7 verbose parsed url   host: null,
7 verbose parsed url   port: null,
7 verbose parsed url   hostname: null,
7 verbose parsed url   hash: null,
7 verbose parsed url   search: null,
7 verbose parsed url   query: null,
7 verbose parsed url   pathname: 'node-static',
7 verbose parsed url   path: 'node-static',
7 verbose parsed url   href: 'node-static' }
8 silly lockFile 17070c41-node-static node-static
9 verbose lock node-static /home/edgar/.npm/17070c41-node-static.lock
10 silly lockFile 17070c41-node-static node-static
11 silly lockFile 17070c41-node-static node-static
12 verbose addNamed [ 'node-static', '' ]
13 verbose addNamed [ null, '*' ]
14 silly lockFile 5704b874-node-static node-static@
15 verbose lock node-static@ /home/edgar/.npm/5704b874-node-static.lock
16 silly addNameRange { name: 'node-static', range: '*', hasData: false }
17 verbose request where is /node-static
18 verbose request registry https://registry.npmjs.org/
19 verbose request id ea9e6c1f566b5496
20 verbose url raw /node-static
21 verbose url resolving [ 'https://registry.npmjs.org/', './node-static' ]
22 verbose url resolved https://registry.npmjs.org/node-static
23 verbose request where is https://registry.npmjs.org/node-static
24 info trying registry request attempt 1 at 13:33:01
25 verbose etag "AI5ONJQSVPDGJMB8IKJFG22BF"
26 http GET https://registry.npmjs.org/node-static
27 http 200 https://registry.npmjs.org/node-static
28 silly registry.get cb [ 200,
28 silly registry.get   { date: 'Mon, 19 Jan 2015 19:33:01 GMT',
28 silly registry.get     server: 'CouchDB/1.5.0 (Erlang OTP/R16B03)',
28 silly registry.get     etag: '"555KYV0QHPJN5GK1IDGV3N0X7"',
28 silly registry.get     'content-type': 'application/json',
28 silly registry.get     'cache-control': 'max-age=60',
28 silly registry.get     'content-length': '32392',
28 silly registry.get     'accept-ranges': 'bytes',
28 silly registry.get     via: '1.1 varnish',
28 silly registry.get     age: '0',
28 silly registry.get     'x-served-by': 'cache-dfw1827-DFW',
28 silly registry.get     'x-cache': 'HIT',
28 silly registry.get     'x-cache-hits': '1',
28 silly registry.get     'x-timer': 'S1421695981.788993,VS0,VE181',
28 silly registry.get     vary: 'Accept',
28 silly registry.get     'keep-alive': 'timeout=10, max=50',
28 silly registry.get     connection: 'Keep-Alive' } ]
29 silly addNameRange number 2 { name: 'node-static', range: '*', hasData: true }
30 silly addNameRange versions [ 'node-static',
30 silly addNameRange   [ '0.5.6',
30 silly addNameRange     '0.5.7',
30 silly addNameRange     '0.5.8',
30 silly addNameRange     '0.5.9',
30 silly addNameRange     '0.6.0',
30 silly addNameRange     '0.6.1',
30 silly addNameRange     '0.6.2',
30 silly addNameRange     '0.6.3',
30 silly addNameRange     '0.6.4',
30 silly addNameRange     '0.6.5',
30 silly addNameRange     '0.6.6',
30 silly addNameRange     '0.6.7',
30 silly addNameRange     '0.6.8',
30 silly addNameRange     '0.6.9',
30 silly addNameRange     '0.7.0',
30 silly addNameRange     '0.7.1',
30 silly addNameRange     '0.7.2',
30 silly addNameRange     '0.7.3',
30 silly addNameRange     '0.7.4',
30 silly addNameRange     '0.7.5',
30 silly addNameRange     '0.7.6' ] ]
31 verbose addNamed [ 'node-static', '0.7.6' ]
32 verbose addNamed [ '0.7.6', '0.7.6' ]
33 silly lockFile 04f479d4-node-static-0-7-6 node-static@0.7.6
34 verbose lock node-static@0.7.6 /home/edgar/.npm/04f479d4-node-static-0-7-6.lock
35 silly lockFile 04f479d4-node-static-0-7-6 node-static@0.7.6
36 silly lockFile 04f479d4-node-static-0-7-6 node-static@0.7.6
37 silly lockFile 5704b874-node-static node-static@
38 silly lockFile 5704b874-node-static node-static@
39 silly resolved [ { name: 'node-static',
39 silly resolved     description: 'simple, compliant file streaming module for node',
39 silly resolved     url: 'http://github.com/cloudhead/node-static',
39 silly resolved     keywords: [ 'http', 'static', 'file', 'server' ],
39 silly resolved     author: { name: 'Alexis Sellier', email: 'self@cloudhead.net' },
39 silly resolved     contributors: [ [Object], [Object] ],
39 silly resolved     repository: { type: 'git', url: 'http://github.com/cloudhead/node-static' },
39 silly resolved     main: './lib/node-static',
39 silly resolved     scripts: { test: 'vows --spec --isolate' },
39 silly resolved     bin: { static: 'bin/cli.js' },
39 silly resolved     license: 'MIT',
39 silly resolved     dependencies: { optimist: '>=0.3.4', colors: '>=0.6.0', mime: '>=1.2.9' },
39 silly resolved     devDependencies: { request: 'latest', vows: 'latest' },
39 silly resolved     version: '0.7.6',
39 silly resolved     engines: { node: '>= 0.4.1' },
39 silly resolved     bugs: { url: 'https://github.com/cloudhead/node-static/issues' },
39 silly resolved     homepage: 'https://github.com/cloudhead/node-static',
39 silly resolved     directories: { example: 'examples', test: 'test' },
39 silly resolved     _id: 'node-static@0.7.6',
39 silly resolved     dist:
39 silly resolved      { shasum: 'ac032e40de6881fb5e4dadeed6e1d07d37268380',
39 silly resolved        tarball: 'http://registry.npmjs.org/node-static/-/node-static-0.7.6.tgz' },
39 silly resolved     _from: 'node-static@',
39 silly resolved     _npmVersion: '1.3.21',
39 silly resolved     _npmUser: { name: 'phstc', email: 'pablo@pablocantero.com' },
39 silly resolved     maintainers: [ [Object], [Object], [Object] ],
39 silly resolved     _shasum: 'ac032e40de6881fb5e4dadeed6e1d07d37268380',
39 silly resolved     _resolved: 'https://registry.npmjs.org/node-static/-/node-static-0.7.6.tgz',
39 silly resolved     readme: 'ERROR: No README data found!' } ]
40 info install node-static@0.7.6 into /usr/lib
41 info installOne node-static@0.7.6
42 verbose lib/node_modules/node-static unbuild
43 verbose tar unpack /home/edgar/.npm/node-static/0.7.6/package.tgz
44 silly lockFile c7dc0d52-usr-lib-node-modules-node-static tar:///usr/lib/node_modules/node-static
45 verbose lock tar:///usr/lib/node_modules/node-static /home/edgar/.npm/c7dc0d52-usr-lib-node-modules-node-static.lock
46 silly lockFile 8c275f58-pm-node-static-0-7-6-package-tgz tar:///home/edgar/.npm/node-static/0.7.6/package.tgz
47 verbose lock tar:///home/edgar/.npm/node-static/0.7.6/package.tgz /home/edgar/.npm/8c275f58-pm-node-static-0-7-6-package-tgz.lock
48 silly gunzTarPerm modes [ '775', '664' ]
49 error Error: EACCES, mkdir '/usr/lib/node_modules/node-static'
49 error  { [Error: EACCES, mkdir '/usr/lib/node_modules/node-static']
49 error   errno: 3,
49 error   code: 'EACCES',
49 error   path: '/usr/lib/node_modules/node-static',
49 error   fstream_type: 'Directory',
49 error   fstream_path: '/usr/lib/node_modules/node-static',
49 error   fstream_class: 'DirWriter',
49 error   fstream_stack:
49 error    [ '/usr/lib/node_modules/npm/node_modules/fstream/lib/dir-writer.js:36:23',
49 error      '/usr/lib/node_modules/npm/node_modules/mkdirp/index.js:46:53',
49 error      'Object.oncomplete (fs.js:107:15)' ] }
50 error Please try running this command again as root/Administrator.
51 error System Linux 3.13.0-44-generic
52 error command "/usr/bin/node" "/usr/bin/npm" "install" "-g" "node-static"
53 error cwd /home/edgar/Documentos/ProyectosFree/imageDiff
54 error node -v v0.10.33
55 error npm -v 1.4.28
56 error path /usr/lib/node_modules/node-static
57 error fstream_path /usr/lib/node_modules/node-static
58 error fstream_type Directory
59 error fstream_class DirWriter
60 error code EACCES
61 error errno 3
62 error stack Error: EACCES, mkdir '/usr/lib/node_modules/node-static'
63 error fstream_stack /usr/lib/node_modules/npm/node_modules/fstream/lib/dir-writer.js:36:23
63 error fstream_stack /usr/lib/node_modules/npm/node_modules/mkdirp/index.js:46:53
63 error fstream_stack Object.oncomplete (fs.js:107:15)
64 verbose exit [ 3, true ]
